
> bag-discord-bot@0.1.0 start
> node src/bot.js

Login succeeded
Logged in as Bag bot#8659
[Music] Using nodes from LAVALINK_NODES env
[YTProxy] listening on 127.0.0.1:8765
[Music] Node error pool-us.alfari.id Unexpected server response: 403
[Music] Node error pool-sg.alfari.id Unexpected server response: 403
[Music] Node error lavalink_v3.muzykant.xyz Unexpected server response: 403
[Music] Node error lavalink_v4.muzykant.xyz Unexpected server response: 403
[Music] Node connected: lavalinkv3.devxcode.in
[Music] Node error lavalinkv3.devxcode.in Unexpected op "ready" with data: [object Object]
[Music] Node error lavalink.devxcode.in Unexpected server response: 200
[Music] Node error lava.luke.gg Unexpected server response: 523
[Music] Node error pool-us.alfari.id Unexpected server response: 403
[Music] Node error lavalink_v3.muzykant.xyz Unexpected server response: 403
[Music] Node error lavalink_v4.muzykant.xyz Unexpected server response: 403
[Music] Node error pool-sg.alfari.id Unexpected server response: 403
[Music] Node error lavalink.devxcode.in Unexpected server response: 200
[Music] Node error lava.luke.gg Unexpected server response: 523
[Music] Node error pool-us.alfari.id Unexpected server response: 403
[Music] Node error lavalink_v3.muzykant.xyz Unexpected server response: 403
[Music] Node error lavalink_v4.muzykant.xyz Unexpected server response: 403
[Music] Node error pool-sg.alfari.id Unexpected server response: 403
[Music] Node error lavalink.devxcode.in Unexpected server response: 200
[Music] Node error lava.luke.gg Unexpected server response: 523
[Music] Node error lavalink_v3.muzykant.xyz Unexpected server response: 403
[Music] Node error lavalink_v4.muzykant.xyz Unexpected server response: 403
[Music] Node error pool-us.alfari.id Unexpected server response: 403
[Music] Node error pool-sg.alfari.id Unexpected server response: 403
[Music] Node error lavalink.devxcode.in Unexpected server response: 200
[Music] Node error lava.luke.gg Unexpected server response: 523
(node:251750) Warning: Supplying "ephemeral" for interaction response options is deprecated. Utilize flags instead.
(Use `node --trace-warnings ...` to show where the warning was created)
[Music] Node error lavalink_v3.muzykant.xyz Unexpected server response: 403
[Music] Node error lavalink_v4.muzykant.xyz Unexpected server response: 403
[Music] Node error pool-us.alfari.id Unexpected server response: 403
[Music] Node error pool-sg.alfari.id Unexpected server response: 403
[Music] Node error lavalink.devxcode.in Unexpected server response: 200
[Music] Node error lava.luke.gg Unexpected server response: 523
Client error: ReferenceError: cfg is not defined
    at Client.<anonymous> (/workspace/src/bot.js:855:23)
    at Client.emit (node:events:518:28)
    at module.exports [as MESSAGE_UPDATE] (/workspace/node_modules/discord.js/src/client/websocket/handlers/MESSAGE_UPDATE.js:14:12)
    at WebSocketManager.handlePacket (/workspace/node_modules/discord.js/src/client/websocket/WebSocketManager.js:352:31)
    at WebSocketManager.<anonymous> (/workspace/node_modules/discord.js/src/client/websocket/WebSocketManager.js:236:12)
    at WebSocketManager.emit (/workspace/node_modules/@vladfrangu/async_event_emitter/dist/index.cjs:287:31)
    at WebSocketShard.<anonymous> (/workspace/node_modules/@discordjs/ws/dist/index.js:1190:51)
    at WebSocketShard.emit (/workspace/node_modules/@vladfrangu/async_event_emitter/dist/index.cjs:287:31)
    at WebSocketShard.onMessage (/workspace/node_modules/@discordjs/ws/dist/index.js:1007:14)
    at process.processTicksAndRejections (node:internal/process/task_queues:105:5)
[Music] Node error lavalink_v3.muzykant.xyz Unable to connect after 5 attempts.
[Music] Node error lavalink_v4.muzykant.xyz Unable to connect after 5 attempts.
[Music] Node error pool-us.alfari.id Unable to connect after 5 attempts.
[Music] Node error pool-sg.alfari.id Unable to connect after 5 attempts.
[Music] Node error lavalink.devxcode.in Unable to connect after 5 attempts.
[Music] Node error lava.luke.gg Unable to connect after 5 attempts.
