2025-08-30 10:14:08.311  INFO 233769 --- [main] lavalink.server.Launcher                 : Starting Launcher using Java 21.0.7 on cursor with PID 233769 (/workspace/lavalink-v3/Lavalink.jar started by ubuntu in /workspace/lavalink-v3)
2025-08-30 10:14:08.315  INFO 233769 --- [main] lavalink.server.Launcher                 : No active profile set, falling back to 1 default profile: "default"
2025-08-30 10:14:08.828  INFO 233769 --- [main] lavalink.server.Launcher                 : Started Launcher in 0.925 seconds (JVM running for 1.214)
2025-08-30 10:14:08.830  INFO 233769 --- [main] lavalink.server.Launcher                 : You can safely ignore the big red warning about illegal reflection. See https://github.com/lavalink-devs/Lavalink/issues/295
2025-08-30 10:14:08.854  INFO 233769 --- [main] lavalink.server.Launcher                 : 

[32m       .  [31m _                  _ _       _    [32m__ _ _
[32m      /\\ [31m| | __ ___   ____ _| (_)_ __ | | __[32m\ \ \ \
[32m     ( ( )[31m| |/ _` \ \ / / _` | | | '_ \| |/ /[32m \ \ \ \
[32m      \\/ [31m| | (_| |\ V / (_| | | | | | |   < [32m  ) ) ) )
[32m       '  [31m|_|\__,_| \_/ \__,_|_|_|_| |_|_|\_\[32m / / / /
[0m    =========================================[32m/_/_/_/[0m

	Version:        3.7.10
	Build time:     03.12.2023 12:54:25 UTC
	Branch          HEAD
	Commit:         fdeadb0
	Commit time:    03.12.2023 12:41:08 UTC
	JVM:            21.0.7
	Lavaplayer      1.5.2

2025-08-30 10:14:08.859  INFO 233769 --- [main] lavalink.server.Launcher                 : No active profile set, falling back to 1 default profile: "default"
2025-08-30 10:14:09.270  WARN 233769 --- [main] io.undertow.websockets.jsr               : UT026010: Buffer pool was not set on WebSocketDeploymentInfo, the default pool will be used
2025-08-30 10:14:09.281  INFO 233769 --- [main] io.undertow.servlet                      : Initializing Spring embedded WebApplicationContext
2025-08-30 10:14:09.281  INFO 233769 --- [main] w.s.c.ServletWebServerApplicationContext : Root WebApplicationContext: initialization completed in 419 ms
2025-08-30 10:14:09.344  INFO 233769 --- [main] c.s.d.l.tools.GarbageCollectionMonitor   : GC monitoring enabled, reporting results every 2 minutes.
2025-08-30 10:14:09.734  INFO 233769 --- [main] lavalink.server.config.KoeConfiguration  : OS: LINUX, Arch: X86_64
2025-08-30 10:14:09.734  INFO 233769 --- [main] lavalink.server.config.KoeConfiguration  : Enabling JDA-NAS
2025-08-30 10:14:09.736  INFO 233769 --- [main] c.s.l.c.natives.NativeLibraryLoader      : Native library udpqueue: loading with filter null
2025-08-30 10:14:09.740  INFO 233769 --- [main] c.s.l.c.natives.NativeLibraryLoader      : Native library udpqueue: successfully loaded.
2025-08-30 10:14:09.755  WARN 233769 --- [main] l.server.config.SentryConfiguration      : Turning off sentry
2025-08-30 10:14:09.883  INFO 233769 --- [main] io.undertow                              : starting server: Undertow - 2.2.16.Final
2025-08-30 10:14:09.888  INFO 233769 --- [main] org.xnio                                 : XNIO version 3.8.6.Final
2025-08-30 10:14:09.893  INFO 233769 --- [main] org.xnio.nio                             : XNIO NIO Implementation Version 3.8.6.Final
2025-08-30 10:14:09.947  INFO 233769 --- [main] org.jboss.threads                        : JBoss Threads version 3.1.0.Final
2025-08-30 10:14:09.975  INFO 233769 --- [main] o.s.b.w.e.undertow.UndertowWebServer     : Undertow started on port(s) 2340 (http)
2025-08-30 10:14:09.977  INFO 233769 --- [main] lavalink.server.Launcher                 : Started Launcher in 1.144 seconds (JVM running for 2.364)
2025-08-30 10:14:09.978  INFO 233769 --- [main] lavalink.server.Launcher                 : Lavalink is ready to accept connections.
2025-08-30 10:14:24.200  INFO 233769 --- [XNIO-1 task-1] io.undertow.servlet                      : Initializing Spring DispatcherServlet 'dispatcherServlet'
2025-08-30 10:14:24.200  INFO 233769 --- [XNIO-1 task-1] o.s.web.servlet.DispatcherServlet        : Initializing Servlet 'dispatcherServlet'
2025-08-30 10:14:24.201  INFO 233769 --- [XNIO-1 task-1] o.s.web.servlet.DispatcherServlet        : Completed initialization in 1 ms
2025-08-30 10:14:24.215  INFO 233769 --- [XNIO-1 task-1] l.server.io.HandshakeInterceptorImpl     : Incoming connection from /127.0.0.1:34528
2025-08-30 10:14:24.394  INFO 233769 --- [XNIO-1 task-1] lavalink.server.io.SocketServer          : Connection successfully established from erela.js
2025-08-30 10:15:28.676 ERROR 233769 --- [XNIO-1 task-1] l.server.io.HandshakeInterceptorImpl     : Missing User-Id header from /127.0.0.1:60270
