2025-08-31T07:11:52.792Z  INFO 224063 --- [Lavalink] [XNIO-1 I/O-3] lavalink.server.io.SocketServer          : Connection closed from /127.0.0.1:45040 with id ae805ykicj49m2uz -- CloseStatus[code=1006, reason=]
2025-08-31T07:11:52.912Z  INFO 224063 --- [Lavalink] [XNIO-1 I/O-3] lavalink.server.io.SocketContext         : Shutting down 0 playing players.
2025-08-31T07:11:52.798Z  INFO 224063 --- [Lavalink] [XNIO-1 I/O-4] lavalink.server.io.SocketServer          : Connection closed from /127.0.0.1:36150 with id h4ktijjq34r8tjmu -- CloseStatus[code=1006, reason=]
2025-08-31T07:11:52.915Z  INFO 224063 --- [Lavalink] [XNIO-1 I/O-4] lavalink.server.io.SocketContext         : Shutting down 0 playing players.
2025-08-31T07:11:52.794Z  INFO 224063 --- [Lavalink] [XNIO-1 I/O-2] lavalink.server.io.SocketServer          : Connection closed from /127.0.0.1:55094 with id qafzuxwjxkuzdw3i -- CloseStatus[code=1006, reason=]
2025-08-31T07:11:52.917Z  INFO 224063 --- [Lavalink] [XNIO-1 I/O-2] lavalink.server.io.SocketContext         : Shutting down 0 playing players.
2025-09-04T11:50:55.094Z  INFO 4295 --- [Lavalink] [main] lavalink.server.Launcher                 : Starting Launcher v4.1.1 using Java 21.0.7 with PID 4295 (/workspace/lavalink/Lavalink.jar started by ubuntu in /workspace/lavalink)
2025-09-04T11:50:55.098Z  INFO 4295 --- [Lavalink] [main] lavalink.server.Launcher                 : No active profile set, falling back to 1 default profile: "default"
2025-09-04T11:50:55.559Z  INFO 4295 --- [Lavalink] [main] o.s.cloud.context.scope.GenericScope     : BeanFactory id=3d6bf653-92ea-3fde-943a-10b9f8cd696e
2025-09-04T11:50:55.926Z  INFO 4295 --- [Lavalink] [main] lavalink.server.Launcher                 : Started Launcher in 1.32 seconds (process running for 1.719)
2025-09-04T11:50:55.974Z  INFO 4295 --- [Lavalink] [main] lavalink.server.Launcher                 : 

[32m       .  [31m _                  _ _       _    [32m__ _ _
[32m      /\\ [31m| | __ ___   ____ _| (_)_ __ | | __[32m\ \ \ \
[32m     ( ( )[31m| |/ _` \ \ / / _` | | | '_ \| |/ /[32m \ \ \ \
[32m      \\/ [31m| | (_| |\ V / (_| | | | | | |   < [32m  ) ) ) )
[32m       '  [31m|_|\__,_| \_/ \__,_|_|_|_| |_|_|\_\[32m / / / /
[0m    =========================================[32m/_/_/_/[0m

	Version:        4.1.1
	Build time:     05.06.2025 07:37:42 UTC
	Branch          HEAD
	Commit:         4238202
	Commit time:    05.06.2025 07:11:37 UTC
	JVM:            21.0.7
	Lavaplayer      2.2.3

2025-09-04T11:50:55.981Z  INFO 4295 --- [Lavalink] [main] lavalink.server.Launcher                 : No active profile set, falling back to 1 default profile: "default"
2025-09-04T11:50:56.394Z  WARN 4295 --- [Lavalink] [main] io.undertow.websockets.jsr               : UT026010: Buffer pool was not set on WebSocketDeploymentInfo, the default pool will be used
2025-09-04T11:50:56.408Z  INFO 4295 --- [Lavalink] [main] io.undertow.servlet                      : Initializing Spring embedded WebApplicationContext
2025-09-04T11:50:56.409Z  INFO 4295 --- [Lavalink] [main] w.s.c.ServletWebServerApplicationContext : Root WebApplicationContext: initialization completed in 424 ms
2025-09-04T11:50:56.471Z  INFO 4295 --- [Lavalink] [main] c.s.d.l.tools.GarbageCollectionMonitor   : GC monitoring enabled, reporting results every 2 minutes.
2025-09-04T11:50:56.581Z  WARN 4295 --- [Lavalink] [main] l.s.config.AudioPlayerConfiguration      : The default Youtube source is now deprecated and won't receive further updates.
You should use the new Youtube source plugin instead.
https://github.com/lavalink-devs/youtube-source#plugin.
To disable this warning, set 'lavalink.server.sources.youtube' to false in your application.yml.
2025-09-04T11:50:56.941Z  INFO 4295 --- [Lavalink] [main] l.server.config.KoeConfiguration         : OS: LINUX, Arch: X86_64
2025-09-04T11:50:56.942Z  INFO 4295 --- [Lavalink] [main] l.server.config.KoeConfiguration         : Enabling JDA-NAS
2025-09-04T11:50:56.945Z  INFO 4295 --- [Lavalink] [main] c.s.l.c.natives.NativeLibraryLoader      : Native library udpqueue: loading with filter null
2025-09-04T11:50:56.950Z  INFO 4295 --- [Lavalink] [main] c.s.l.c.natives.NativeLibraryLoader      : Native library udpqueue: successfully loaded.
2025-09-04T11:50:56.983Z  WARN 4295 --- [Lavalink] [main] l.server.config.SentryConfiguration      : Turning off sentry
2025-09-04T11:50:57.198Z  INFO 4295 --- [Lavalink] [main] io.undertow                              : starting server: Undertow - 2.3.13.Final
2025-09-04T11:50:57.205Z  INFO 4295 --- [Lavalink] [main] org.xnio                                 : XNIO version 3.8.8.Final
2025-09-04T11:50:57.212Z  INFO 4295 --- [Lavalink] [main] org.xnio.nio                             : XNIO NIO Implementation Version 3.8.8.Final
2025-09-04T11:50:57.284Z  INFO 4295 --- [Lavalink] [main] org.jboss.threads                        : JBoss Threads version 3.5.0.Final
2025-09-04T11:50:57.318Z  INFO 4295 --- [Lavalink] [main] o.s.b.w.e.undertow.UndertowWebServer     : Undertow started on port 2333 (http) with context path '/'
2025-09-04T11:50:57.335Z  INFO 4295 --- [Lavalink] [main] lavalink.server.Launcher                 : Started Launcher in 1.404 seconds (process running for 3.128)
2025-09-04T11:50:57.336Z  INFO 4295 --- [Lavalink] [main] lavalink.server.Launcher                 : Lavalink is ready to accept connections.
2025-09-04T11:51:04.226Z  INFO 4295 --- [Lavalink] [XNIO-1 task-2] io.undertow.servlet                      : Initializing Spring DispatcherServlet 'dispatcherServlet'
2025-09-04T11:51:04.226Z  INFO 4295 --- [Lavalink] [XNIO-1 task-2] o.s.web.servlet.DispatcherServlet        : Initializing Servlet 'dispatcherServlet'
2025-09-04T11:51:04.227Z  INFO 4295 --- [Lavalink] [XNIO-1 task-2] o.s.web.servlet.DispatcherServlet        : Completed initialization in 1 ms
2025-09-04T11:51:04.246Z  INFO 4295 --- [Lavalink] [XNIO-1 task-2] l.server.io.HandshakeInterceptorImpl     : Incoming connection from /127.0.0.1:56312
2025-09-04T11:51:04.260Z  INFO 4295 --- [Lavalink] [XNIO-1 task-2] l.server.io.RequestLoggingFilter         : GET /v4/websocket
2025-09-04T11:51:04.301Z  INFO 4295 --- [Lavalink] [XNIO-1 task-2] lavalink.server.io.SocketServer          : Connection successfully established from BAG-Discord-Bot
